Performing C SOURCE FILE Test CMAKE_HAVE_LIBC_PTHREAD failed with the following output:
Change Dir: /home/kkk/px4_simulation_p_eigen_ws/build/CMakeFiles/CMakeScratch/TryCompile-cfC1EM

Run Build Command(s):/usr/bin/make -f Makefile cmTC_bf514/fast && /usr/bin/make  -f CMakeFiles/cmTC_bf514.dir/build.make CMakeFiles/cmTC_bf514.dir/build
make[1]: 进入目录“/home/kkk/px4_simulation_p_eigen_ws/build/CMakeFiles/CMakeScratch/TryCompile-cfC1EM”
Building C object CMakeFiles/cmTC_bf514.dir/src.c.o
/usr/bin/cc -DCMAKE_HAVE_LIBC_PTHREAD   -o CMakeFiles/cmTC_bf514.dir/src.c.o -c /home/kkk/px4_simulation_p_eigen_ws/build/CMakeFiles/CMakeScratch/TryCompile-cfC1EM/src.c
Linking C executable cmTC_bf514
/usr/bin/cmake -E cmake_link_script CMakeFiles/cmTC_bf514.dir/link.txt --verbose=1
/usr/bin/cc -rdynamic CMakeFiles/cmTC_bf514.dir/src.c.o -o cmTC_bf514 
/usr/bin/ld: CMakeFiles/cmTC_bf514.dir/src.c.o: in function `main':
src.c:(.text+0x46): undefined reference to `pthread_create'
/usr/bin/ld: src.c:(.text+0x52): undefined reference to `pthread_detach'
/usr/bin/ld: src.c:(.text+0x5e): undefined reference to `pthread_cancel'
/usr/bin/ld: src.c:(.text+0x6f): undefined reference to `pthread_join'
collect2: error: ld returned 1 exit status
make[1]: *** [CMakeFiles/cmTC_bf514.dir/build.make:99：cmTC_bf514] 错误 1
make[1]: 离开目录“/home/kkk/px4_simulation_p_eigen_ws/build/CMakeFiles/CMakeScratch/TryCompile-cfC1EM”
make: *** [Makefile:127：cmTC_bf514/fast] 错误 2


Source file was:
#include <pthread.h>

static void* test_func(void* data)
{
  return data;
}

int main(void)
{
  pthread_t thread;
  pthread_create(&thread, NULL, test_func, NULL);
  pthread_detach(thread);
  pthread_cancel(thread);
  pthread_join(thread, NULL);
  pthread_atfork(NULL, NULL, NULL);
  pthread_exit(NULL);

  return 0;
}


Determining if the function pthread_create exists in the pthreads failed with the following output:
Change Dir: /home/kkk/px4_simulation_p_eigen_ws/build/CMakeFiles/CMakeScratch/TryCompile-VVjFGK

Run Build Command(s):/usr/bin/make -f Makefile cmTC_feb45/fast && /usr/bin/make  -f CMakeFiles/cmTC_feb45.dir/build.make CMakeFiles/cmTC_feb45.dir/build
make[1]: 进入目录“/home/kkk/px4_simulation_p_eigen_ws/build/CMakeFiles/CMakeScratch/TryCompile-VVjFGK”
Building C object CMakeFiles/cmTC_feb45.dir/CheckFunctionExists.c.o
/usr/bin/cc   -DCHECK_FUNCTION_EXISTS=pthread_create -o CMakeFiles/cmTC_feb45.dir/CheckFunctionExists.c.o -c /home/kkk/px4_simulation_p_eigen_ws/build/CMakeFiles/CMakeScratch/TryCompile-VVjFGK/CheckFunctionExists.c
Linking C executable cmTC_feb45
/usr/bin/cmake -E cmake_link_script CMakeFiles/cmTC_feb45.dir/link.txt --verbose=1
/usr/bin/cc  -DCHECK_FUNCTION_EXISTS=pthread_create -rdynamic CMakeFiles/cmTC_feb45.dir/CheckFunctionExists.c.o -o cmTC_feb45  -lpthreads 
/usr/bin/ld: 找不到 -lpthreads
collect2: error: ld returned 1 exit status
make[1]: *** [CMakeFiles/cmTC_feb45.dir/build.make:99：cmTC_feb45] 错误 1
make[1]: 离开目录“/home/kkk/px4_simulation_p_eigen_ws/build/CMakeFiles/CMakeScratch/TryCompile-VVjFGK”
make: *** [Makefile:127：cmTC_feb45/fast] 错误 2



